{
  "stats": {
    "suites": 1,
    "tests": 2,
    "passes": 2,
    "pending": 0,
    "failures": 0,
    "start": "2021-04-25T12:42:13.835Z",
    "end": "2021-04-25T12:42:26.416Z",
    "duration": 12581,
    "testsRegistered": 2,
    "passPercent": 100,
    "pendingPercent": 0,
    "other": 0,
    "hasOther": false,
    "skipped": 0,
    "hasSkipped": false
  },
  "results": [
    {
      "uuid": "ac28e954-2706-46f6-a201-ad183937e2a7",
      "title": "",
      "fullFile": "cypress/integration/po-tests/content-validation.spec.js",
      "file": "cypress/integration/po-tests/content-validation.spec.js",
      "beforeHooks": [],
      "afterHooks": [],
      "tests": [],
      "suites": [
        {
          "uuid": "fe1b0b2a-647a-423d-8068-780a9881ef3b",
          "title": "Validate content across the application",
          "fullFile": "",
          "file": "",
          "beforeHooks": [],
          "afterHooks": [],
          "tests": [
            {
              "title": "Validate dashboard elements",
              "fullTitle": "Validate content across the application Validate dashboard elements",
              "timedOut": null,
              "duration": 10454,
              "state": "passed",
              "speed": "slow",
              "pass": true,
              "fail": false,
              "pending": false,
              "context": null,
              "code": "cy.visit('http://localhost:3000/login');\nloginFunctions.validLogin('tester01', 'GteteqbQQgSr88SwNExUQv2ydb7xuf8c', 'Tester Hotel Overview'); // check the index page\ndashboardFunctions.checkElements('tester01'); // check rooms, clients, bills, reservations\ndashboardFunctions.checkPages('tester01');\ndashboardFunctions.performLogout();",
              "err": {},
              "uuid": "2d9ce1c1-b02c-495c-94b4-744f16aa5f3d",
              "parentUUID": "fe1b0b2a-647a-423d-8068-780a9881ef3b",
              "isHook": false,
              "skipped": false
            },
            {
              "title": "Open and validate Clients page",
              "fullTitle": "Validate content across the application Open and validate Clients page",
              "timedOut": null,
              "duration": 2048,
              "state": "passed",
              "speed": "slow",
              "pass": true,
              "fail": false,
              "pending": false,
              "context": null,
              "code": "loginFunctions.login('tester01', 'GteteqbQQgSr88SwNExUQv2ydb7xuf8c');\nclientsFunctions.viewClientsPage('Clients');\ndashboardFunctions.performLogout();",
              "err": {},
              "uuid": "4ba8ad9d-1b44-4a82-bce9-86546aafa6eb",
              "parentUUID": "fe1b0b2a-647a-423d-8068-780a9881ef3b",
              "isHook": false,
              "skipped": false
            }
          ],
          "suites": [],
          "passes": [
            "2d9ce1c1-b02c-495c-94b4-744f16aa5f3d",
            "4ba8ad9d-1b44-4a82-bce9-86546aafa6eb"
          ],
          "failures": [],
          "pending": [],
          "skipped": [],
          "duration": 12502,
          "root": false,
          "rootEmpty": false,
          "_timeout": 2000
        }
      ],
      "passes": [],
      "failures": [],
      "pending": [],
      "skipped": [],
      "duration": 0,
      "root": true,
      "rootEmpty": true,
      "_timeout": 2000
    }
  ],
  "meta": {
    "mocha": {
      "version": "7.0.1"
    },
    "mochawesome": {
      "options": {
        "quiet": false,
        "reportFilename": "mochawesome",
        "saveHtml": true,
        "saveJson": true,
        "consoleReporter": "spec",
        "useInlineDiffs": false,
        "code": true
      },
      "version": "6.2.2"
    },
    "marge": {
      "options": {
        "reportDir": "cypress/report/mochawesome-report",
        "overwrite": false,
        "html": true,
        "json": true,
        "timestamp": "mmddyyyy_HHMMss"
      },
      "version": "5.2.0"
    }
  }
}