{
  "stats": {
    "suites": 1,
    "tests": 2,
    "passes": 2,
    "pending": 0,
    "failures": 0,
    "start": "2021-04-25T15:34:27.413Z",
    "end": "2021-04-25T15:34:39.907Z",
    "duration": 12494,
    "testsRegistered": 2,
    "passPercent": 100,
    "pendingPercent": 0,
    "other": 0,
    "hasOther": false,
    "skipped": 0,
    "hasSkipped": false
  },
  "results": [
    {
      "uuid": "2895dca7-db9f-4c8b-8cda-21df139b43d7",
      "title": "",
      "fullFile": "cypress/integration/po-tests/content-validation.spec.js",
      "file": "cypress/integration/po-tests/content-validation.spec.js",
      "beforeHooks": [],
      "afterHooks": [],
      "tests": [],
      "suites": [
        {
          "uuid": "21cb8db9-f92e-43fe-a2f9-b88708a54a80",
          "title": "Validate content across the application",
          "fullFile": "",
          "file": "",
          "beforeHooks": [],
          "afterHooks": [],
          "tests": [
            {
              "title": "Validate dashboard elements",
              "fullTitle": "Validate content across the application Validate dashboard elements",
              "timedOut": null,
              "duration": 10312,
              "state": "passed",
              "speed": "slow",
              "pass": true,
              "fail": false,
              "pending": false,
              "context": null,
              "code": "cy.visit('http://localhost:3000/login');\nloginFunctions.validLogin('tester01', 'GteteqbQQgSr88SwNExUQv2ydb7xuf8c', 'Tester Hotel Overview'); // check the index page\ndashboardFunctions.checkElements('tester01'); // check rooms, clients, bills, reservations\ndashboardFunctions.checkPages('tester01');\ndashboardFunctions.performLogout();",
              "err": {},
              "uuid": "7a6bd299-2b96-48fd-9bc4-1088492fa1e6",
              "parentUUID": "21cb8db9-f92e-43fe-a2f9-b88708a54a80",
              "isHook": false,
              "skipped": false
            },
            {
              "title": "Open and validate Clients page",
              "fullTitle": "Validate content across the application Open and validate Clients page",
              "timedOut": null,
              "duration": 2091,
              "state": "passed",
              "speed": "slow",
              "pass": true,
              "fail": false,
              "pending": false,
              "context": null,
              "code": "loginFunctions.login('tester01', 'GteteqbQQgSr88SwNExUQv2ydb7xuf8c');\nclientsFunctions.viewClientsPage('Clients');\ndashboardFunctions.performLogout();",
              "err": {},
              "uuid": "f262403a-c93b-4c4e-bafe-d871b13e47e9",
              "parentUUID": "21cb8db9-f92e-43fe-a2f9-b88708a54a80",
              "isHook": false,
              "skipped": false
            }
          ],
          "suites": [],
          "passes": [
            "7a6bd299-2b96-48fd-9bc4-1088492fa1e6",
            "f262403a-c93b-4c4e-bafe-d871b13e47e9"
          ],
          "failures": [],
          "pending": [],
          "skipped": [],
          "duration": 12403,
          "root": false,
          "rootEmpty": false,
          "_timeout": 2000
        }
      ],
      "passes": [],
      "failures": [],
      "pending": [],
      "skipped": [],
      "duration": 0,
      "root": true,
      "rootEmpty": true,
      "_timeout": 2000
    }
  ],
  "meta": {
    "mocha": {
      "version": "7.0.1"
    },
    "mochawesome": {
      "options": {
        "quiet": false,
        "reportFilename": "mochawesome",
        "saveHtml": true,
        "saveJson": true,
        "consoleReporter": "spec",
        "useInlineDiffs": false,
        "code": true
      },
      "version": "6.2.2"
    },
    "marge": {
      "options": {
        "reportDir": "cypress/report/mochawesome-report",
        "overwrite": false,
        "html": true,
        "json": true,
        "timestamp": "mmddyyyy_HHMMss"
      },
      "version": "5.2.0"
    }
  }
}