{
  "stats": {
    "suites": 1,
    "tests": 2,
    "passes": 2,
    "pending": 0,
    "failures": 0,
    "start": "2021-04-25T12:29:38.740Z",
    "end": "2021-04-25T12:29:52.464Z",
    "duration": 13724,
    "testsRegistered": 2,
    "passPercent": 100,
    "pendingPercent": 0,
    "other": 0,
    "hasOther": false,
    "skipped": 0,
    "hasSkipped": false
  },
  "results": [
    {
      "uuid": "c5b1869e-6e1e-4652-b39b-0a52a9ae94d0",
      "title": "",
      "fullFile": "cypress/integration/po-tests/content-validation.spec.js",
      "file": "cypress/integration/po-tests/content-validation.spec.js",
      "beforeHooks": [],
      "afterHooks": [],
      "tests": [],
      "suites": [
        {
          "uuid": "a37d3097-8121-4c82-bf46-f8a3bb8aa1c6",
          "title": "Validate content across the application",
          "fullFile": "",
          "file": "",
          "beforeHooks": [],
          "afterHooks": [],
          "tests": [
            {
              "title": "Validate dashboard elements",
              "fullTitle": "Validate content across the application Validate dashboard elements",
              "timedOut": null,
              "duration": 11398,
              "state": "passed",
              "speed": "slow",
              "pass": true,
              "fail": false,
              "pending": false,
              "context": null,
              "code": "cy.visit('http://localhost:3000/login');\nloginFunctions.validLogin('tester01', 'GteteqbQQgSr88SwNExUQv2ydb7xuf8c', 'Tester Hotel Overview'); // check the index page\ndashboardFunctions.checkElements('tester01'); // check rooms, clients, bills, reservations\ndashboardFunctions.checkPages('tester01');\ndashboardFunctions.performLogout();",
              "err": {},
              "uuid": "87198792-343b-4827-a9f3-23e28d25c8dc",
              "parentUUID": "a37d3097-8121-4c82-bf46-f8a3bb8aa1c6",
              "isHook": false,
              "skipped": false
            },
            {
              "title": "Open and validate Clients page",
              "fullTitle": "Validate content across the application Open and validate Clients page",
              "timedOut": null,
              "duration": 2279,
              "state": "passed",
              "speed": "slow",
              "pass": true,
              "fail": false,
              "pending": false,
              "context": null,
              "code": "loginFunctions.login('tester01', 'GteteqbQQgSr88SwNExUQv2ydb7xuf8c');\nclientsFunctions.viewClientsPage('Clients');\ndashboardFunctions.performLogout();",
              "err": {},
              "uuid": "7f90379b-63aa-4d3c-bf23-7dfc555e4b52",
              "parentUUID": "a37d3097-8121-4c82-bf46-f8a3bb8aa1c6",
              "isHook": false,
              "skipped": false
            }
          ],
          "suites": [],
          "passes": [
            "87198792-343b-4827-a9f3-23e28d25c8dc",
            "7f90379b-63aa-4d3c-bf23-7dfc555e4b52"
          ],
          "failures": [],
          "pending": [],
          "skipped": [],
          "duration": 13677,
          "root": false,
          "rootEmpty": false,
          "_timeout": 2000
        }
      ],
      "passes": [],
      "failures": [],
      "pending": [],
      "skipped": [],
      "duration": 0,
      "root": true,
      "rootEmpty": true,
      "_timeout": 2000
    }
  ],
  "meta": {
    "mocha": {
      "version": "7.0.1"
    },
    "mochawesome": {
      "options": {
        "quiet": false,
        "reportFilename": "mochawesome",
        "saveHtml": true,
        "saveJson": true,
        "consoleReporter": "spec",
        "useInlineDiffs": false,
        "code": true
      },
      "version": "6.2.2"
    },
    "marge": {
      "options": {
        "reportDir": "cypress/report/mochawesome-report",
        "overwrite": false,
        "html": true,
        "json": true,
        "timestamp": "mmddyyyy_HHMMss"
      },
      "version": "5.2.0"
    }
  }
}