{
  "stats": {
    "suites": 1,
    "tests": 1,
    "passes": 0,
    "pending": 0,
    "failures": 1,
    "start": "2021-04-25T12:42:01.393Z",
    "end": "2021-04-25T12:42:09.029Z",
    "duration": 7636,
    "testsRegistered": 3,
    "passPercent": 0,
    "pendingPercent": 0,
    "other": 0,
    "hasOther": false,
    "skipped": 2,
    "hasSkipped": true
  },
  "results": [
    {
      "uuid": "bbea7a03-4af5-424c-bc38-69ddbb705656",
      "title": "",
      "fullFile": "cypress/integration/po-tests/clients.spec.js",
      "file": "cypress/integration/po-tests/clients.spec.js",
      "beforeHooks": [],
      "afterHooks": [],
      "tests": [],
      "suites": [
        {
          "uuid": "f3a2ad96-482d-4811-9d3d-00167d97e0c2",
          "title": "Clients page and New Client tests",
          "fullFile": "",
          "file": "",
          "beforeHooks": [],
          "afterHooks": [],
          "tests": [
            {
              "title": "View Client page",
              "fullTitle": "Clients page and New Client tests View Client page",
              "timedOut": null,
              "duration": 4546,
              "state": "failed",
              "speed": null,
              "pass": false,
              "fail": true,
              "pending": false,
              "context": null,
              "code": "clientFunctions.viewClientsPage('Clients');\ndashboardFunctions.performLogout();",
              "err": {
                "message": "AssertionError: Timed out retrying after 4000ms: Expected to find element: `.user > .btn`, but never found it.\n\nBecause this error occurred during a `after each` hook we are skipping the remaining tests in the current suite: `Clients page and New Client...`",
                "estack": "AssertionError: Timed out retrying after 4000ms: Expected to find element: `.user > .btn`, but never found it.\n\nBecause this error occurred during a `after each` hook we are skipping the remaining tests in the current suite: `Clients page and New Client...`\n    at Object.performLogout (http://localhost:3000/__cypress/tests?p=cypress\\integration\\po-tests\\clients.spec.js:255:6)\n    at Context.eval (http://localhost:3000/__cypress/tests?p=cypress\\integration\\po-tests\\clients.spec.js:116:24)",
                "diff": null
              },
              "uuid": "27bca536-e416-41a1-8d68-263e86e93c39",
              "parentUUID": "f3a2ad96-482d-4811-9d3d-00167d97e0c2",
              "isHook": false,
              "skipped": false
            },
            {
              "title": "View Create Client page",
              "fullTitle": "Clients page and New Client tests View Create Client page",
              "timedOut": null,
              "duration": 0,
              "state": "skipped",
              "speed": null,
              "pass": false,
              "fail": false,
              "pending": false,
              "context": null,
              "code": "clientFunctions.openClientsPage();\nclientFunctions.viewNewClientPage();\ndashboardFunctions.performLogout();",
              "err": {},
              "uuid": "fdaf549c-aa72-4ee7-b701-ae973ae4d817",
              "parentUUID": "f3a2ad96-482d-4811-9d3d-00167d97e0c2",
              "isHook": false,
              "skipped": true
            },
            {
              "title": "Create, validate and delete new Client",
              "fullTitle": "Clients page and New Client tests Create, validate and delete new Client",
              "timedOut": null,
              "duration": 0,
              "state": "skipped",
              "speed": null,
              "pass": false,
              "fail": false,
              "pending": false,
              "context": null,
              "code": "clientFunctions.openClientsPage();\nclientFunctions.openNewClientPage();\nclientFunctions.createNewClient('FIRSTNAME LASTNAME', 'firstname@lastname.com', '123456789');\nclientFunctions.validateCreatedClient('FIRSTNAME LASTNAME', 'firstname@lastname.com', '123456789');\ncy.wait(5000);\nclientFunctions.removeLastClient();\ncy.wait(1000);",
              "err": {},
              "uuid": "45cc5c70-dca2-4b52-817c-575753b32cce",
              "parentUUID": "f3a2ad96-482d-4811-9d3d-00167d97e0c2",
              "isHook": false,
              "skipped": true
            }
          ],
          "suites": [],
          "passes": [],
          "failures": [
            "27bca536-e416-41a1-8d68-263e86e93c39"
          ],
          "pending": [],
          "skipped": [
            "fdaf549c-aa72-4ee7-b701-ae973ae4d817",
            "45cc5c70-dca2-4b52-817c-575753b32cce"
          ],
          "duration": 4546,
          "root": false,
          "rootEmpty": false,
          "_timeout": 2000
        }
      ],
      "passes": [],
      "failures": [],
      "pending": [],
      "skipped": [],
      "duration": 0,
      "root": true,
      "rootEmpty": true,
      "_timeout": 2000
    }
  ],
  "meta": {
    "mocha": {
      "version": "7.0.1"
    },
    "mochawesome": {
      "options": {
        "quiet": false,
        "reportFilename": "mochawesome",
        "saveHtml": true,
        "saveJson": true,
        "consoleReporter": "spec",
        "useInlineDiffs": false,
        "code": true
      },
      "version": "6.2.2"
    },
    "marge": {
      "options": {
        "reportDir": "cypress/report/mochawesome-report",
        "overwrite": false,
        "html": true,
        "json": true,
        "timestamp": "mmddyyyy_HHMMss"
      },
      "version": "5.2.0"
    }
  }
}