{
  "stats": {
    "suites": 1,
    "tests": 3,
    "passes": 3,
    "pending": 0,
    "failures": 0,
    "start": "2021-04-27T10:00:14.373Z",
    "end": "2021-04-27T10:00:31.813Z",
    "duration": 17440,
    "testsRegistered": 3,
    "passPercent": 100,
    "pendingPercent": 0,
    "other": 0,
    "hasOther": false,
    "skipped": 0,
    "hasSkipped": false
  },
  "results": [
    {
      "uuid": "1234f882-181a-4935-8c85-4e97596eb343",
      "title": "",
      "fullFile": "cypress/integration/po-tests/content-validation.spec.js",
      "file": "cypress/integration/po-tests/content-validation.spec.js",
      "beforeHooks": [],
      "afterHooks": [],
      "tests": [],
      "suites": [
        {
          "uuid": "fbb40317-715c-40e2-8ebe-46b5dbdba4a6",
          "title": "Validate content across the application",
          "fullFile": "",
          "file": "",
          "beforeHooks": [],
          "afterHooks": [],
          "tests": [
            {
              "title": "Validate dashboard elements",
              "fullTitle": "Validate content across the application Validate dashboard elements",
              "timedOut": null,
              "duration": 12777,
              "state": "passed",
              "speed": "slow",
              "pass": true,
              "fail": false,
              "pending": false,
              "context": null,
              "code": "cy.visit('http://localhost:3000/login');\nloginFunctions.validLogin('tester01', 'GteteqbQQgSr88SwNExUQv2ydb7xuf8c', 'Tester Hotel Overview'); // check the index page\ndashboardFunctions.checkElements('tester01'); // check rooms, clients, bills, reservations\ndashboardFunctions.checkPages('tester01');\ndashboardFunctions.performLogout();",
              "err": {},
              "uuid": "0afacd96-08a7-47f0-a6ac-a658945f351d",
              "parentUUID": "fbb40317-715c-40e2-8ebe-46b5dbdba4a6",
              "isHook": false,
              "skipped": false
            },
            {
              "title": "Open and validate Clients page",
              "fullTitle": "Validate content across the application Open and validate Clients page",
              "timedOut": null,
              "duration": 2150,
              "state": "passed",
              "speed": "slow",
              "pass": true,
              "fail": false,
              "pending": false,
              "context": null,
              "code": "loginFunctions.login('tester01', 'GteteqbQQgSr88SwNExUQv2ydb7xuf8c');\nclientsFunctions.viewClientsPage('Clients');\ndashboardFunctions.performLogout();",
              "err": {},
              "uuid": "cd2f2eef-00ca-4423-94b1-df18974102a0",
              "parentUUID": "fbb40317-715c-40e2-8ebe-46b5dbdba4a6",
              "isHook": false,
              "skipped": false
            },
            {
              "title": "Open and validate the content of New Client creation page",
              "fullTitle": "Validate content across the application Open and validate the content of New Client creation page",
              "timedOut": null,
              "duration": 2442,
              "state": "passed",
              "speed": "slow",
              "pass": true,
              "fail": false,
              "pending": false,
              "context": null,
              "code": "loginFunctions.login('tester01', 'GteteqbQQgSr88SwNExUQv2ydb7xuf8c');\nclientsFunctions.openClientsPage();\nclientsFunctions.viewNewClientPage();\ndashboardFunctions.performLogout();",
              "err": {},
              "uuid": "cf09feda-bef6-4f08-809f-951e678d2f14",
              "parentUUID": "fbb40317-715c-40e2-8ebe-46b5dbdba4a6",
              "isHook": false,
              "skipped": false
            }
          ],
          "suites": [],
          "passes": [
            "0afacd96-08a7-47f0-a6ac-a658945f351d",
            "cd2f2eef-00ca-4423-94b1-df18974102a0",
            "cf09feda-bef6-4f08-809f-951e678d2f14"
          ],
          "failures": [],
          "pending": [],
          "skipped": [],
          "duration": 17369,
          "root": false,
          "rootEmpty": false,
          "_timeout": 2000
        }
      ],
      "passes": [],
      "failures": [],
      "pending": [],
      "skipped": [],
      "duration": 0,
      "root": true,
      "rootEmpty": true,
      "_timeout": 2000
    }
  ],
  "meta": {
    "mocha": {
      "version": "7.0.1"
    },
    "mochawesome": {
      "options": {
        "quiet": false,
        "reportFilename": "mochawesome",
        "saveHtml": true,
        "saveJson": true,
        "consoleReporter": "spec",
        "useInlineDiffs": false,
        "code": true
      },
      "version": "6.2.2"
    },
    "marge": {
      "options": {
        "reportDir": "cypress/report/mochawesome-report",
        "overwrite": false,
        "html": true,
        "json": true,
        "timestamp": "mmddyyyy_HHMMss"
      },
      "version": "5.2.0"
    }
  }
}