{
  "stats": {
    "suites": 1,
    "tests": 1,
    "passes": 1,
    "pending": 0,
    "failures": 0,
    "start": "2021-04-25T12:41:54.062Z",
    "end": "2021-04-25T12:41:57.119Z",
    "duration": 3057,
    "testsRegistered": 1,
    "passPercent": 100,
    "pendingPercent": 0,
    "other": 0,
    "hasOther": false,
    "skipped": 0,
    "hasSkipped": false
  },
  "results": [
    {
      "uuid": "721a58cf-6a7a-452f-9b2c-ee04e5cd35af",
      "title": "",
      "fullFile": "cypress/integration/basic-tests/tc01.spec.js",
      "file": "cypress/integration/basic-tests/tc01.spec.js",
      "beforeHooks": [],
      "afterHooks": [],
      "tests": [],
      "suites": [
        {
          "uuid": "2d11cdeb-84b8-4d76-abef-5ee4c1618300",
          "title": "TC01 -  Log in to the application",
          "fullFile": "",
          "file": "",
          "beforeHooks": [],
          "afterHooks": [],
          "tests": [
            {
              "title": "Step1 - navigate to the login page",
              "fullTitle": "TC01 -  Log in to the application Step1 - navigate to the login page",
              "timedOut": null,
              "duration": 2967,
              "state": "passed",
              "speed": "slow",
              "pass": true,
              "fail": false,
              "pending": false,
              "context": null,
              "code": "cy.visit('http://localhost:3000/login');\ncy.get('.router-link-active').contains('Tester Hotel');\ncy.get(':nth-child(1) > label').should('have.text', 'Username:').should('have.css', 'text-transform', 'uppercase');\ncy.get(':nth-child(2) > label').should('have.text', 'Password:').should('have.css', 'text-transform', 'uppercase');\ncy.get('.btn').contains('Login');\ncy.get(':nth-child(1) > input').type('tester01');\ncy.get(':nth-child(2) > input').type('GteteqbQQgSr88SwNExUQv2ydb7xuf8c');\ncy.get('.btn').click();\ncy.get('h2').should('have.text', 'Tester Hotel Overview');\ncy.get('.user > .btn').click();",
              "err": {},
              "uuid": "ad4b7d6d-ab0d-4cb2-b6be-856061aa1871",
              "parentUUID": "2d11cdeb-84b8-4d76-abef-5ee4c1618300",
              "isHook": false,
              "skipped": false
            }
          ],
          "suites": [],
          "passes": [
            "ad4b7d6d-ab0d-4cb2-b6be-856061aa1871"
          ],
          "failures": [],
          "pending": [],
          "skipped": [],
          "duration": 2967,
          "root": false,
          "rootEmpty": false,
          "_timeout": 2000
        }
      ],
      "passes": [],
      "failures": [],
      "pending": [],
      "skipped": [],
      "duration": 0,
      "root": true,
      "rootEmpty": true,
      "_timeout": 2000
    }
  ],
  "meta": {
    "mocha": {
      "version": "7.0.1"
    },
    "mochawesome": {
      "options": {
        "quiet": false,
        "reportFilename": "mochawesome",
        "saveHtml": true,
        "saveJson": true,
        "consoleReporter": "spec",
        "useInlineDiffs": false,
        "code": true
      },
      "version": "6.2.2"
    },
    "marge": {
      "options": {
        "reportDir": "cypress/report/mochawesome-report",
        "overwrite": false,
        "html": true,
        "json": true,
        "timestamp": "mmddyyyy_HHMMss"
      },
      "version": "5.2.0"
    }
  }
}