{
  "stats": {
    "suites": 1,
    "tests": 2,
    "passes": 2,
    "pending": 0,
    "failures": 0,
    "start": "2021-04-27T09:44:10.120Z",
    "end": "2021-04-27T09:44:24.692Z",
    "duration": 14572,
    "testsRegistered": 2,
    "passPercent": 100,
    "pendingPercent": 0,
    "other": 0,
    "hasOther": false,
    "skipped": 0,
    "hasSkipped": false
  },
  "results": [
    {
      "uuid": "a9abee50-3c78-4d5e-a2c1-72247fda0604",
      "title": "",
      "fullFile": "cypress/integration/po-tests/login.spec.js",
      "file": "cypress/integration/po-tests/login.spec.js",
      "beforeHooks": [],
      "afterHooks": [],
      "tests": [],
      "suites": [
        {
          "uuid": "c7c08d57-48f9-46b6-a1d1-2a277dfe6b2b",
          "title": "Login and logout tests",
          "fullFile": "",
          "file": "",
          "beforeHooks": [],
          "afterHooks": [],
          "tests": [
            {
              "title": "TC01 - log in to the application",
              "fullTitle": "Login and logout tests TC01 - log in to the application",
              "timedOut": null,
              "duration": 7673,
              "state": "passed",
              "speed": "slow",
              "pass": true,
              "fail": false,
              "pending": false,
              "context": null,
              "code": "cy.visit('http://localhost:3000/login');\nloginFunctions.checkElements();\nloginFunctions.validLogin('tester01', 'GteteqbQQgSr88SwNExUQv2ydb7xuf8c', 'Tester Hotel Overview');\ndashboardFunctions.performLogout();",
              "err": {},
              "uuid": "4acb0802-8e2c-4068-b193-41b4cf874fe4",
              "parentUUID": "c7c08d57-48f9-46b6-a1d1-2a277dfe6b2b",
              "isHook": false,
              "skipped": false
            },
            {
              "title": "TC02 - log out of the application",
              "fullTitle": "Login and logout tests TC02 - log out of the application",
              "timedOut": null,
              "duration": 6833,
              "state": "passed",
              "speed": "slow",
              "pass": true,
              "fail": false,
              "pending": false,
              "context": null,
              "code": "loginFunctions.validLogin('tester01', 'GteteqbQQgSr88SwNExUQv2ydb7xuf8c', 'Tester Hotel Overview');\ndashboardFunctions.performLogout();",
              "err": {},
              "uuid": "43c8e92d-17b2-4041-bf0f-6fd693103472",
              "parentUUID": "c7c08d57-48f9-46b6-a1d1-2a277dfe6b2b",
              "isHook": false,
              "skipped": false
            }
          ],
          "suites": [],
          "passes": [
            "4acb0802-8e2c-4068-b193-41b4cf874fe4",
            "43c8e92d-17b2-4041-bf0f-6fd693103472"
          ],
          "failures": [],
          "pending": [],
          "skipped": [],
          "duration": 14506,
          "root": false,
          "rootEmpty": false,
          "_timeout": 2000
        }
      ],
      "passes": [],
      "failures": [],
      "pending": [],
      "skipped": [],
      "duration": 0,
      "root": true,
      "rootEmpty": true,
      "_timeout": 2000
    }
  ],
  "meta": {
    "mocha": {
      "version": "7.0.1"
    },
    "mochawesome": {
      "options": {
        "quiet": false,
        "reportFilename": "mochawesome",
        "saveHtml": true,
        "saveJson": true,
        "consoleReporter": "spec",
        "useInlineDiffs": false,
        "code": true
      },
      "version": "6.2.2"
    },
    "marge": {
      "options": {
        "reportDir": "cypress/report/mochawesome-report",
        "overwrite": false,
        "html": true,
        "json": true,
        "timestamp": "mmddyyyy_HHMMss"
      },
      "version": "5.2.0"
    }
  }
}