{
  "stats": {
    "suites": 1,
    "tests": 2,
    "passes": 2,
    "pending": 0,
    "failures": 0,
    "start": "2021-04-25T15:34:45.001Z",
    "end": "2021-04-25T15:35:00.106Z",
    "duration": 15105,
    "testsRegistered": 2,
    "passPercent": 100,
    "pendingPercent": 0,
    "other": 0,
    "hasOther": false,
    "skipped": 0,
    "hasSkipped": false
  },
  "results": [
    {
      "uuid": "c302fe8c-3d56-46c0-b5bc-8408b98a8530",
      "title": "",
      "fullFile": "cypress/integration/po-tests/login.spec.js",
      "file": "cypress/integration/po-tests/login.spec.js",
      "beforeHooks": [],
      "afterHooks": [],
      "tests": [],
      "suites": [
        {
          "uuid": "bc04c190-b8b4-45e6-b010-aeeca061e8ed",
          "title": "Login and logout tests",
          "fullFile": "",
          "file": "",
          "beforeHooks": [],
          "afterHooks": [],
          "tests": [
            {
              "title": "TC01 - log in to the application",
              "fullTitle": "Login and logout tests TC01 - log in to the application",
              "timedOut": null,
              "duration": 7617,
              "state": "passed",
              "speed": "slow",
              "pass": true,
              "fail": false,
              "pending": false,
              "context": null,
              "code": "cy.visit('http://localhost:3000/login');\nloginFunctions.checkElements();\nloginFunctions.validLogin('tester01', 'GteteqbQQgSr88SwNExUQv2ydb7xuf8c', 'Tester Hotel Overview');\ndashboardFunctions.performLogout();",
              "err": {},
              "uuid": "f09faf27-5ae7-4f0f-b23e-3b8cfa10e58c",
              "parentUUID": "bc04c190-b8b4-45e6-b010-aeeca061e8ed",
              "isHook": false,
              "skipped": false
            },
            {
              "title": "TC02 - log out of the application",
              "fullTitle": "Login and logout tests TC02 - log out of the application",
              "timedOut": null,
              "duration": 7134,
              "state": "passed",
              "speed": "slow",
              "pass": true,
              "fail": false,
              "pending": false,
              "context": null,
              "code": "loginFunctions.validLogin('tester01', 'GteteqbQQgSr88SwNExUQv2ydb7xuf8c', 'Tester Hotel Overview');\ndashboardFunctions.performLogout();",
              "err": {},
              "uuid": "c56a313a-f5fc-4d9b-a29b-49fe77318c9f",
              "parentUUID": "bc04c190-b8b4-45e6-b010-aeeca061e8ed",
              "isHook": false,
              "skipped": false
            }
          ],
          "suites": [],
          "passes": [
            "f09faf27-5ae7-4f0f-b23e-3b8cfa10e58c",
            "c56a313a-f5fc-4d9b-a29b-49fe77318c9f"
          ],
          "failures": [],
          "pending": [],
          "skipped": [],
          "duration": 14751,
          "root": false,
          "rootEmpty": false,
          "_timeout": 2000
        }
      ],
      "passes": [],
      "failures": [],
      "pending": [],
      "skipped": [],
      "duration": 0,
      "root": true,
      "rootEmpty": true,
      "_timeout": 2000
    }
  ],
  "meta": {
    "mocha": {
      "version": "7.0.1"
    },
    "mochawesome": {
      "options": {
        "quiet": false,
        "reportFilename": "mochawesome",
        "saveHtml": true,
        "saveJson": true,
        "consoleReporter": "spec",
        "useInlineDiffs": false,
        "code": true
      },
      "version": "6.2.2"
    },
    "marge": {
      "options": {
        "reportDir": "cypress/report/mochawesome-report",
        "overwrite": false,
        "html": true,
        "json": true,
        "timestamp": "mmddyyyy_HHMMss"
      },
      "version": "5.2.0"
    }
  }
}