{
  "stats": {
    "suites": 1,
    "tests": 1,
    "passes": 0,
    "pending": 0,
    "failures": 1,
    "start": "2021-04-25T12:42:32.076Z",
    "end": "2021-04-25T12:42:44.481Z",
    "duration": 12405,
    "testsRegistered": 2,
    "passPercent": 0,
    "pendingPercent": 0,
    "other": 0,
    "hasOther": false,
    "skipped": 1,
    "hasSkipped": true
  },
  "results": [
    {
      "uuid": "03ba98b3-bcb5-4d71-a5b1-6f0582a48e7c",
      "title": "",
      "fullFile": "cypress/integration/po-tests/login.spec.js",
      "file": "cypress/integration/po-tests/login.spec.js",
      "beforeHooks": [],
      "afterHooks": [],
      "tests": [],
      "suites": [
        {
          "uuid": "edc83830-1de7-4fd3-8479-392a51eb5bf8",
          "title": "Login and logout tests",
          "fullFile": "",
          "file": "",
          "beforeHooks": [],
          "afterHooks": [],
          "tests": [
            {
              "title": "TC01 - log in to the application",
              "fullTitle": "Login and logout tests TC01 - log in to the application",
              "timedOut": null,
              "duration": 4559,
              "state": "failed",
              "speed": null,
              "pass": false,
              "fail": true,
              "pending": false,
              "context": null,
              "code": "cy.visit('http://localhost:3000/login');\nloginFunctions.checkElements();\nloginFunctions.validLogin('tester01', 'GteteqbQQgSr88SwNExUQv2ydb7xuf8c', 'Tester Hotel Overview');\ndashboardFunctions.performLogout();",
              "err": {
                "message": "AssertionError: Timed out retrying after 4000ms: Expected to find element: `.user > .btn`, but never found it.\n\nBecause this error occurred during a `after each` hook we are skipping the remaining tests in the current suite: `Login and logout tests`",
                "estack": "AssertionError: Timed out retrying after 4000ms: Expected to find element: `.user > .btn`, but never found it.\n\nBecause this error occurred during a `after each` hook we are skipping the remaining tests in the current suite: `Login and logout tests`\n    at Object.performLogout (http://localhost:3000/__cypress/tests?p=cypress\\integration\\po-tests\\login.spec.js:159:6)\n    at Context.eval (http://localhost:3000/__cypress/tests?p=cypress\\integration\\po-tests\\login.spec.js:113:24)",
                "diff": null
              },
              "uuid": "a04c7c14-06f9-46fd-b4de-93013ce8c2ba",
              "parentUUID": "edc83830-1de7-4fd3-8479-392a51eb5bf8",
              "isHook": false,
              "skipped": false
            },
            {
              "title": "TC02 - log out of the application",
              "fullTitle": "Login and logout tests TC02 - log out of the application",
              "timedOut": null,
              "duration": 0,
              "state": "skipped",
              "speed": null,
              "pass": false,
              "fail": false,
              "pending": false,
              "context": null,
              "code": "loginFunctions.validLogin('tester01', 'GteteqbQQgSr88SwNExUQv2ydb7xuf8c', 'Tester Hotel Overview');\ndashboardFunctions.performLogout();",
              "err": {},
              "uuid": "55b32803-2c42-4961-93c2-8363419903bd",
              "parentUUID": "edc83830-1de7-4fd3-8479-392a51eb5bf8",
              "isHook": false,
              "skipped": true
            }
          ],
          "suites": [],
          "passes": [],
          "failures": [
            "a04c7c14-06f9-46fd-b4de-93013ce8c2ba"
          ],
          "pending": [],
          "skipped": [
            "55b32803-2c42-4961-93c2-8363419903bd"
          ],
          "duration": 4559,
          "root": false,
          "rootEmpty": false,
          "_timeout": 2000
        }
      ],
      "passes": [],
      "failures": [],
      "pending": [],
      "skipped": [],
      "duration": 0,
      "root": true,
      "rootEmpty": true,
      "_timeout": 2000
    }
  ],
  "meta": {
    "mocha": {
      "version": "7.0.1"
    },
    "mochawesome": {
      "options": {
        "quiet": false,
        "reportFilename": "mochawesome",
        "saveHtml": true,
        "saveJson": true,
        "consoleReporter": "spec",
        "useInlineDiffs": false,
        "code": true
      },
      "version": "6.2.2"
    },
    "marge": {
      "options": {
        "reportDir": "cypress/report/mochawesome-report",
        "overwrite": false,
        "html": true,
        "json": true,
        "timestamp": "mmddyyyy_HHMMss"
      },
      "version": "5.2.0"
    }
  }
}