{
  "stats": {
    "suites": 1,
    "tests": 1,
    "passes": 0,
    "pending": 0,
    "failures": 1,
    "start": "2021-04-25T12:29:26.080Z",
    "end": "2021-04-25T12:29:34.139Z",
    "duration": 8059,
    "testsRegistered": 3,
    "passPercent": 0,
    "pendingPercent": 0,
    "other": 0,
    "hasOther": false,
    "skipped": 2,
    "hasSkipped": true
  },
  "results": [
    {
      "uuid": "778bd32c-0d91-4dfa-b501-b7b17231fb01",
      "title": "",
      "fullFile": "cypress/integration/po-tests/clients.spec.js",
      "file": "cypress/integration/po-tests/clients.spec.js",
      "beforeHooks": [],
      "afterHooks": [],
      "tests": [],
      "suites": [
        {
          "uuid": "64c45291-fa25-4634-977c-5b3054da64c0",
          "title": "Clients page and New Client tests",
          "fullFile": "",
          "file": "",
          "beforeHooks": [],
          "afterHooks": [],
          "tests": [
            {
              "title": "View Client page",
              "fullTitle": "Clients page and New Client tests View Client page",
              "timedOut": null,
              "duration": 4565,
              "state": "failed",
              "speed": null,
              "pass": false,
              "fail": true,
              "pending": false,
              "context": null,
              "code": "clientFunctions.viewClientsPage('Clients');\ndashboardFunctions.performLogout();",
              "err": {
                "message": "AssertionError: Timed out retrying after 4000ms: Expected to find element: `.user > .btn`, but never found it.\n\nBecause this error occurred during a `after each` hook we are skipping the remaining tests in the current suite: `Clients page and New Client...`",
                "estack": "AssertionError: Timed out retrying after 4000ms: Expected to find element: `.user > .btn`, but never found it.\n\nBecause this error occurred during a `after each` hook we are skipping the remaining tests in the current suite: `Clients page and New Client...`\n    at Object.performLogout (http://localhost:3000/__cypress/tests?p=cypress\\integration\\po-tests\\clients.spec.js:255:6)\n    at Context.eval (http://localhost:3000/__cypress/tests?p=cypress\\integration\\po-tests\\clients.spec.js:116:24)",
                "diff": null
              },
              "uuid": "a11fe5b5-5b98-47ba-a417-05e1057e2f5f",
              "parentUUID": "64c45291-fa25-4634-977c-5b3054da64c0",
              "isHook": false,
              "skipped": false
            },
            {
              "title": "View Create Client page",
              "fullTitle": "Clients page and New Client tests View Create Client page",
              "timedOut": null,
              "duration": 0,
              "state": "skipped",
              "speed": null,
              "pass": false,
              "fail": false,
              "pending": false,
              "context": null,
              "code": "clientFunctions.openClientsPage();\nclientFunctions.viewNewClientPage();\ndashboardFunctions.performLogout();",
              "err": {},
              "uuid": "1de0a223-643c-4b4c-832d-de5a04b9d8e6",
              "parentUUID": "64c45291-fa25-4634-977c-5b3054da64c0",
              "isHook": false,
              "skipped": true
            },
            {
              "title": "Create, validate and delete new Client",
              "fullTitle": "Clients page and New Client tests Create, validate and delete new Client",
              "timedOut": null,
              "duration": 0,
              "state": "skipped",
              "speed": null,
              "pass": false,
              "fail": false,
              "pending": false,
              "context": null,
              "code": "clientFunctions.openClientsPage();\nclientFunctions.openNewClientPage();\nclientFunctions.createNewClient('FIRSTNAME LASTNAME', 'firstname@lastname.com', '123456789');\nclientFunctions.validateCreatedClient('FIRSTNAME LASTNAME', 'firstname@lastname.com', '123456789');\ncy.wait(5000);\nclientFunctions.removeLastClient();\ncy.wait(1000);",
              "err": {},
              "uuid": "1e6a90d0-101e-43ca-8bf9-c0dbf7ed1679",
              "parentUUID": "64c45291-fa25-4634-977c-5b3054da64c0",
              "isHook": false,
              "skipped": true
            }
          ],
          "suites": [],
          "passes": [],
          "failures": [
            "a11fe5b5-5b98-47ba-a417-05e1057e2f5f"
          ],
          "pending": [],
          "skipped": [
            "1de0a223-643c-4b4c-832d-de5a04b9d8e6",
            "1e6a90d0-101e-43ca-8bf9-c0dbf7ed1679"
          ],
          "duration": 4565,
          "root": false,
          "rootEmpty": false,
          "_timeout": 2000
        }
      ],
      "passes": [],
      "failures": [],
      "pending": [],
      "skipped": [],
      "duration": 0,
      "root": true,
      "rootEmpty": true,
      "_timeout": 2000
    }
  ],
  "meta": {
    "mocha": {
      "version": "7.0.1"
    },
    "mochawesome": {
      "options": {
        "quiet": false,
        "reportFilename": "mochawesome",
        "saveHtml": true,
        "saveJson": true,
        "consoleReporter": "spec",
        "useInlineDiffs": false,
        "code": true
      },
      "version": "6.2.2"
    },
    "marge": {
      "options": {
        "reportDir": "cypress/report/mochawesome-report",
        "overwrite": false,
        "html": true,
        "json": true,
        "timestamp": "mmddyyyy_HHMMss"
      },
      "version": "5.2.0"
    }
  }
}