{
  "stats": {
    "suites": 1,
    "tests": 2,
    "passes": 2,
    "pending": 0,
    "failures": 0,
    "start": "2021-04-27T09:53:54.657Z",
    "end": "2021-04-27T09:54:08.090Z",
    "duration": 13433,
    "testsRegistered": 2,
    "passPercent": 100,
    "pendingPercent": 0,
    "other": 0,
    "hasOther": false,
    "skipped": 0,
    "hasSkipped": false
  },
  "results": [
    {
      "uuid": "8f78dc57-b040-4ac8-af4f-a9ddb7b54fed",
      "title": "",
      "fullFile": "cypress/integration/po-tests/content-validation.spec.js",
      "file": "cypress/integration/po-tests/content-validation.spec.js",
      "beforeHooks": [],
      "afterHooks": [],
      "tests": [],
      "suites": [
        {
          "uuid": "9e59a322-a2af-4821-b5b7-4d0a15334be1",
          "title": "Validate content across the application",
          "fullFile": "",
          "file": "",
          "beforeHooks": [],
          "afterHooks": [],
          "tests": [
            {
              "title": "Validate dashboard elements",
              "fullTitle": "Validate content across the application Validate dashboard elements",
              "timedOut": null,
              "duration": 11250,
              "state": "passed",
              "speed": "slow",
              "pass": true,
              "fail": false,
              "pending": false,
              "context": null,
              "code": "cy.visit('http://localhost:3000/login');\nloginFunctions.validLogin('tester01', 'GteteqbQQgSr88SwNExUQv2ydb7xuf8c', 'Tester Hotel Overview'); // check the index page\ndashboardFunctions.checkElements('tester01'); // check rooms, clients, bills, reservations\ndashboardFunctions.checkPages('tester01');\ndashboardFunctions.performLogout();",
              "err": {},
              "uuid": "cec6b6d1-ae44-490d-886b-cb69823a9173",
              "parentUUID": "9e59a322-a2af-4821-b5b7-4d0a15334be1",
              "isHook": false,
              "skipped": false
            },
            {
              "title": "Open and validate Clients page",
              "fullTitle": "Validate content across the application Open and validate Clients page",
              "timedOut": null,
              "duration": 2112,
              "state": "passed",
              "speed": "slow",
              "pass": true,
              "fail": false,
              "pending": false,
              "context": null,
              "code": "loginFunctions.login('tester01', 'GteteqbQQgSr88SwNExUQv2ydb7xuf8c');\nclientsFunctions.viewClientsPage('Clients');\ndashboardFunctions.performLogout();",
              "err": {},
              "uuid": "6ccd8d9f-ea13-43ef-9349-1dbf005ad22a",
              "parentUUID": "9e59a322-a2af-4821-b5b7-4d0a15334be1",
              "isHook": false,
              "skipped": false
            }
          ],
          "suites": [],
          "passes": [
            "cec6b6d1-ae44-490d-886b-cb69823a9173",
            "6ccd8d9f-ea13-43ef-9349-1dbf005ad22a"
          ],
          "failures": [],
          "pending": [],
          "skipped": [],
          "duration": 13362,
          "root": false,
          "rootEmpty": false,
          "_timeout": 2000
        }
      ],
      "passes": [],
      "failures": [],
      "pending": [],
      "skipped": [],
      "duration": 0,
      "root": true,
      "rootEmpty": true,
      "_timeout": 2000
    }
  ],
  "meta": {
    "mocha": {
      "version": "7.0.1"
    },
    "mochawesome": {
      "options": {
        "quiet": false,
        "reportFilename": "mochawesome",
        "saveHtml": true,
        "saveJson": true,
        "consoleReporter": "spec",
        "useInlineDiffs": false,
        "code": true
      },
      "version": "6.2.2"
    },
    "marge": {
      "options": {
        "reportDir": "cypress/report/mochawesome-report",
        "overwrite": false,
        "html": true,
        "json": true,
        "timestamp": "mmddyyyy_HHMMss"
      },
      "version": "5.2.0"
    }
  }
}